607 607 773 1
300 300 281 1
155 155 135 0
51 51 78 1
34 34 29 1
17 17 18 0
8 8 6 1
5 5 3 1
4 4 1 0
6 6 1 0
10 10 2 1
14 14 1 0
26 26 11 1
22 22 5 0
18 18 2 1
21 21 1 0
23 23 2 1
25 25 1 0
28 28 5 0
27 27 1 1
31 31 3 1
29 29 1 0
32 32 1 0
42 42 10 1
37 37 6 0
36 36 2 1
35 35 1 0
40 40 3 1
39 39 1 0
41 41 1 0
46 46 3 1
43 43 1 0
50 50 1 0
88 88 48 0
64 64 18 1
55 55 7 1
53 53 3 1
52 52 1 0
54 54 1 0
60 60 3 1
58 58 1 0
63 63 1 0
74 74 10 1
69 69 4 0
66 66 2 1
68 68 1 0
70 70 1 1
82 82 5 0
81 81 2 1
77 77 1 0
85 85 2 1
87 87 1 0
124 124 29 1
103 103 16 0
99 99 4 1
91 91 2 1
94 94 1 0
100 100 1 1
113 113 11 1
110 110 5 0
108 108 2 1
106 106 1 0
112 112 2 1
111 111 1 0
116 116 5 0
115 115 1 1
118 118 3 1
117 117 1 0
119 119 1 0
141 141 12 0
130 130 5 1
129 129 2 1
127 127 1 0
135 135 2 1
133 133 1 0
149 149 6 1
144 144 3 1
142 142 1 0
146 146 1 0
151 151 2 1
152 152 1 0
245 245 56 1
195 195 33 1
183 183 13 0
167 167 8 1
163 163 4 0
158 158 1 1
164 164 2 1
165 165 1 0
175 175 3 1
173 173 1 0
180 180 1 0
191 191 4 1
190 190 2 1
186 186 1 0
193 193 1 1
217 217 19 0
202 202 10 1
198 198 3 1
196 196 1 0
200 200 1 0
207 207 6 0
206 206 2 1
204 204 1 0
212 212 3 1
211 211 1 0
214 214 1 0
233 233 8 1
225 225 5 0
220 220 2 1
221 221 1 0
228 228 2 1
226 226 1 0
240 240 2 1
236 236 1 0
261 261 22 1
253 253 7 1
247 247 3 1
246 246 1 0
250 250 1 0
256 256 3 1
254 254 1 0
259 259 1 0
274 274 14 0
271 271 4 1
269 269 2 1
264 264 1 0
272 272 1 1
279 279 9 1
276 276 2 1
275 275 1 0
289 289 6 0
288 288 2 1
280 280 1 0
294 294 3 1
293 293 1 0
297 297 1 0
468 468 145 0
391 391 89 1
357 357 44 0
337 337 25 1
319 319 18 0
303 303 9 1
301 301 1 1
315 315 7 0
306 306 3 1
305 305 1 0
311 311 1 0
317 317 3 1
316 316 1 0
318 318 1 0
326 326 8 1
322 322 3 1
320 320 1 0
323 323 1 0
332 332 4 0
327 327 1 1
334 334 2 1
335 335 1 0
348 348 6 1
344 344 3 1
343 343 1 0
345 345 1 0
350 350 2 1
349 349 1 0
372 372 18 1
367 367 9 1
362 362 6 0
360 360 3 1
359 359 1 0
361 361 1 0
363 363 2 1
364 364 1 0
368 368 2 1
371 371 1 0
381 381 8 1
376 376 2 1
380 380 1 0
386 386 5 0
383 383 2 1
382 382 1 0
387 387 2 1
390 390 1 0
435 435 44 0
418 418 26 1
403 403 12 0
401 401 4 1
393 393 2 1
397 397 1 0
402 402 1 1
413 413 7 1
408 408 4 0
407 407 1 1
409 409 2 1
412 412 1 0
415 415 2 1
416 416 1 0
427 427 13 0
422 422 5 1
419 419 2 1
420 420 1 0
423 423 2 1
426 426 1 0
430 430 7 1
429 429 2 1
428 428 1 0
432 432 4 0
431 431 1 1
433 433 2 1
434 434 1 0
453 453 17 1
437 437 9 1
436 436 1 1
443 443 7 0
440 440 3 1
439 439 1 0
442 442 1 0
448 448 3 1
446 446 1 0
450 450 1 0
461 461 7 1
458 458 3 0
456 456 1 1
459 459 1 1
464 464 3 1
462 462 1 0
467 467 1 0
528 528 55 1
498 498 23 1
480 480 12 0
473 473 3 1
472 472 1 1
478 478 1 1
486 486 8 1
484 484 2 1
483 483 1 0
493 493 5 0
492 492 2 1
490 490 1 0
495 495 2 1
496 496 1 0
520 520 10 0
502 502 6 1
500 500 1 1
507 507 4 0
503 503 1 1
510 510 2 1
516 516 1 0
526 526 3 1
521 521 1 1
527 527 1 1
558 558 31 1
535 535 11 0
533 533 4 1
529 529 2 1
530 530 1 0
534 534 1 1
541 541 6 1
536 536 2 1
539 539 1 0
555 555 3 0
545 545 1 1
557 557 1 1
590 590 19 0
578 578 11 1
570 570 6 0
564 564 2 1
563 563 1 0
576 576 3 1
574 574 1 0
577 577 1 0
586 586 4 0
583 583 2 1
580 580 1 0
587 587 1 1
603 603 7 1
597 597 5 0
596 596 1 1
600 600 3 1
598 598 1 0
602 602 1 0
604 604 1 1
1222 1222 491 0
918 918 232 1
805 805 117 0
688 688 76 1
653 653 30 1
635 635 13 0
627 627 7 1
616 616 5 0
614 614 2 1
612 612 1 0
618 618 2 1
617 617 1 0
629 629 1 1
646 646 5 1
638 638 3 1
636 636 1 0
642 642 1 0
652 652 1 1
671 671 16 0
661 661 6 1
657 657 3 1
654 654 1 0
660 660 1 0
666 666 2 1
663 663 1 0
680 680 9 1
675 675 4 0
672 672 1 1
676 676 2 1
677 677 1 0
684 684 4 0
681 681 2 1
682 682 1 0
685 685 1 1
758 758 45 0
714 714 25 1
704 704 12 0
694 694 7 1
691 691 3 0
690 690 1 1
692 692 1 1
699 699 3 1
698 698 1 0
703 703 1 0
711 711 4 1
706 706 2 1
708 708 1 0
712 712 1 1
731 731 12 0
717 717 4 1
716 716 1 1
727 727 2 1
719 719 1 0
743 743 7 1
732 732 2 1
738 738 1 0
751 751 4 0
746 746 2 1
749 749 1 0
755 755 1 1
790 790 19 1
767 767 11 0
761 761 4 1
759 759 2 1
760 760 1 0
765 765 1 1
782 782 6 1
778 778 3 1
770 770 1 0
781 781 1 0
788 788 2 1
786 786 1 0
798 798 7 1
792 792 3 0
791 791 1 1
795 795 1 1
802 802 3 0
799 799 1 1
803 803 1 1
862 862 40 1
853 853 18 1
839 839 13 0
827 827 6 1
808 808 3 0
806 806 1 1
824 824 1 1
833 833 2 1
836 836 1 0
848 848 6 1
843 843 3 0
841 841 1 1
845 845 1 1
852 852 2 1
849 849 1 0
856 856 4 1
855 855 1 1
858 858 2 1
859 859 1 0
877 877 21 1
868 868 5 1
866 866 1 1
872 872 3 0
870 870 1 1
873 873 1 1
896 896 15 0
893 893 6 1
879 879 4 0
878 878 1 1
880 880 2 1
892 892 1 0
895 895 1 1
904 904 8 1
899 899 3 1
897 897 1 0
900 900 1 0
915 915 4 0
907 907 2 1
905 905 1 0
917 917 1 1
1007 1007 114 0
959 959 37 1
940 940 18 1
926 926 9 1
923 923 3 1
921 921 1 0
924 924 1 0
930 930 5 0
928 928 2 1
929 929 1 0
931 931 2 1
939 939 1 0
947 947 8 0
944 944 4 1
941 941 2 1
942 942 1 0
945 945 1 1
954 954 3 1
948 948 1 1
958 958 1 1
979 979 18 1
963 963 8 1
962 962 2 1
961 961 1 0
977 977 5 0
974 974 3 1
966 966 1 0
975 975 1 0
978 978 1 1
1004 1004 9 1
998 998 7 0
989 989 3 1
988 988 1 0
992 992 1 0
1000 1000 3 1
999 999 1 0
1001 1001 1 0
1006 1006 1 1
1095 1095 76 1
1068 1068 29 1
1045 1045 19 0
1033 1033 10 1
1021 1021 6 0
1010 1010 3 1
1008 1008 1 0
1018 1018 1 0
1030 1030 2 1
1024 1024 1 0
1040 1040 3 0
1039 1039 1 1
1042 1042 1 1
1051 1051 8 1
1050 1050 1 1
1055 1055 6 0
1053 1053 3 1
1052 1052 1 0
1054 1054 1 0
1058 1058 2 1
1060 1060 1 0
1071 1071 9 1
1069 1069 2 1
1070 1070 1 0
1081 1081 6 0
1078 1078 2 1
1079 1079 1 0
1087 1087 3 1
1085 1085 1 0
1090 1090 1 0
1155 1155 46 0
1131 1131 18 1
1112 1112 10 1
1110 1110 2 1
1105 1105 1 0
1124 1124 7 0
1122 1122 3 1
1117 1117 1 0
1123 1123 1 0
1127 1127 3 1
1126 1126 1 0
1129 1129 1 0
1147 1147 7 1
1140 1140 3 1
1137 1137 1 0
1146 1146 1 0
1152 1152 3 1
1150 1150 1 0
1154 1154 1 0
1200 1200 27 1
1179 1179 16 0
1170 1170 9 1
1161 1161 4 0
1159 1159 1 1
1163 1163 2 1
1168 1168 1 0
1175 1175 4 0
1172 1172 2 1
1174 1174 1 0
1178 1178 1 1
1186 1186 6 1
1182 1182 2 1
1185 1185 1 0
1193 1193 3 1
1192 1192 1 0
1198 1198 1 0
1217 1217 10 1
1208 1208 6 0
1205 1205 3 1
1204 1204 1 0
1207 1207 1 0
1210 1210 2 1
1211 1211 1 0
1219 1219 3 1
1218 1218 1 0
1221 1221 1 0
1652 1652 258 1
1532 1532 140 0
1371 1371 92 1
1277 1277 42 0
1254 1254 12 1
1252 1252 6 1
1232 1232 4 0
1229 1229 1 1
1249 1249 2 1
1239 1239 1 0
1253 1253 1 1
1268 1268 5 1
1264 1264 3 1
1255 1255 1 0
1265 1265 1 0
1275 1275 1 1
1339 1339 29 1
1296 1296 15 0
1288 1288 6 1
1280 1280 2 1
1286 1286 1 0
1291 1291 3 1
1289 1289 1 0
1294 1294 1 0
1320 1320 8 1
1299 1299 5 0
1297 1297 1 1
1311 1311 3 1
1305 1305 1 0
1312 1312 1 0
1324 1324 2 1
1332 1332 1 0
1351 1351 13 0
1343 1343 5 1
1341 1341 3 1
1340 1340 1 0
1342 1342 1 0
1348 1348 1 1
1357 1357 7 1
1356 1356 2 1
1355 1355 1 0
1364 1364 4 0
1361 1361 2 1
1362 1362 1 0
1367 1367 1 1
1440 1440 49 0
1427 1427 26 1
1392 1392 20 0
1388 1388 7 1
1375 1375 5 0
1373 1373 1 1
1383 1383 3 1
1376 1376 1 0
1385 1385 1 0
1391 1391 1 1
1403 1403 12 1
1396 1396 5 0
1394 1394 2 1
1395 1395 1 0
1397 1397 2 1
1401 1401 1 0
1412 1412 6 0
1410 1410 3 1
1409 1409 1 0
1411 1411 1 0
1422 1422 2 1
1418 1418 1 0
1436 1436 5 1
1435 1435 2 1
1434 1434 1 0
1438 1438 2 1
1437 1437 1 0
1481 1481 22 1
1453 1453 12 0
1449 1449 5 1
1442 1442 3 1
1441 1441 1 0
1445 1445 1 0
1452 1452 1 1
1471 1471 6 1
1459 1459 4 0
1456 1456 1 1
1469 1469 2 1
1470 1470 1 0
1472 1472 1 1
1510 1510 9 1
1490 1490 5 0
1488 1488 1 1
1504 1504 3 1
1503 1503 1 0
1509 1509 1 0
1519 1519 3 1
1518 1518 1 0
1520 1520 1 0
1587 1587 47 1
1560 1560 17 1
1552 1552 7 1
1539 1539 4 0
1536 1536 1 1
1548 1548 2 1
1545 1545 1 0
1555 1555 2 1
1556 1556 1 0
1578 1578 9 1
1570 1570 3 1
1561 1561 1 0
1576 1576 1 0
1581 1581 5 0
1579 1579 2 1
1580 1580 1 0
1582 1582 2 1
1585 1585 1 0
1622 1622 29 1
1608 1608 15 0
1599 1599 9 1
1591 1591 5 0
1588 1588 1 1
1597 1597 3 1
1592 1592 1 0
1598 1598 1 0
1605 1605 3 1
1603 1603 1 0
1606 1606 1 0
1617 1617 5 1
1612 1612 2 1
1610 1610 1 0
1618 1618 2 1
1620 1620 1 0
1632 1632 13 0
1626 1626 3 1
1625 1625 1 1
1630 1630 1 1
1639 1639 9 1
1635 1635 3 1
1634 1634 1 0
1636 1636 1 0
1645 1645 5 0
1642 1642 3 1
1641 1641 1 0
1644 1644 1 0
1651 1651 1 1
1815 1815 117 0
1698 1698 55 1
1673 1673 15 1
1664 1664 6 1
1658 1658 3 1
1656 1656 1 0
1659 1659 1 0
1668 1668 2 1
1667 1667 1 0
1689 1689 8 1
1676 1676 3 1
1675 1675 1 0
1678 1678 1 0
1692 1692 4 0
1690 1690 1 1
1694 1694 2 1
1695 1695 1 0
1767 1767 39 0
1727 1727 24 1
1716 1716 13 0
1704 1704 7 1
1699 1699 2 1
1701 1701 1 0
1710 1710 4 0
1706 1706 2 1
1705 1705 1 0
1712 1712 1 1
1724 1724 5 1
1719 1719 3 1
1717 1717 1 0
1721 1721 1 0
1725 1725 1 1
1751 1751 10 1
1735 1735 4 0
1731 1731 2 1
1728 1728 1 0
1745 1745 1 1
1758 1758 5 0
1757 1757 2 1
1752 1752 1 0
1764 1764 2 1
1765 1765 1 0
1797 1797 14 1
1787 1787 8 1
1776 1776 4 0
1772 1772 1 1
1784 1784 2 1
1778 1778 1 0
1789 1789 3 0
1788 1788 1 1
1796 1796 1 1
1801 1801 5 1
1798 1798 2 1
1800 1800 1 0
1814 1814 2 1
1804 1804 1 0
1916 1916 61 1
1865 1865 31 1
1844 1844 19 0
1832 1832 10 1
1828 1828 4 0
1818 1818 2 1
1822 1822 1 0
1831 1831 1 1
1842 1842 5 0
1837 1837 3 1
1833 1833 1 0
1840 1840 1 0
1843 1843 1 1
1855 1855 8 1
1849 1849 3 1
1848 1848 1 0
1850 1850 1 0
1859 1859 4 0
1858 1858 2 1
1857 1857 1 0
1863 1863 1 1
1893 1893 11 1
1870 1870 6 0
1867 1867 2 1
1866 1866 1 0
1883 1883 3 1
1873 1873 1 0
1890 1890 1 0
1908 1908 4 0
1898 1898 2 1
1901 1901 1 0
1914 1914 1 1
1959 1959 29 1
1936 1936 16 0
1926 1926 9 1
1919 1919 4 0
1917 1917 1 1
1922 1922 2 1
1921 1921 1 0
1934 1934 4 0
1931 1931 2 1
1932 1932 1 0
1935 1935 1 1
1953 1953 6 1
1951 1951 3 1
1944 1944 1 0
1952 1952 1 0
1957 1957 2 1
1955 1955 1 0
1984 1984 12 0
1980 1980 6 1
1968 1968 4 0
1960 1960 1 1
1975 1975 2 1
1976 1976 1 0
1982 1982 1 1
1990 1990 5 1
1988 1988 2 1
1985 1985 1 0
1997 1997 2 1
1994 1994 1 0
